#
# A fatal error has been detected by the Java Runtime Environment:
#
#  EXCEPTION_ACCESS_VIOLATION (0xc0000005) at pc=0x00000000549baa00, pid=6240, tid=9380
#
# JRE version: Java(TM) SE Runtime Environment (8.0_65-b17) (build 1.8.0_65-b17)
# Java VM: Java HotSpot(TM) 64-Bit Server VM (25.65-b01 mixed mode windows-amd64 compressed oops)
# Problematic frame:
# V  [jvm.dll+0x49aa00]
#
# Failed to write core dump. Minidumps are not enabled by default on client versions of Windows
#
# If you would like to submit a bug report, please visit:
#   http://bugreport.java.com/bugreport/crash.jsp
#

---------------  T H R E A D  ---------------

Current thread (0x0000000016246000):  JavaThread "C2 CompilerThread0" daemon [_thread_in_native, id=9380, stack(0x0000000016910000,0x0000000016a10000)]

siginfo: ExceptionCode=0xc0000005, reading address 0x0000000000000020

Registers:
RAX=0x0000000000000000, RBX=0x000000001acda310, RCX=0x0000000016a0bf00, RDX=0x0000000010000000
RSP=0x0000000016a0be68, RBP=0x000000000000187c, RSI=0x0000000016a0c220, RDI=0x0000000000002b9e
R8 =0x0000000010000000, R9 =0x00000000196cba00, R10=0x0000000054520000, R11=0x000000001ad32290
R12=0x0000000054d2ace8, R13=0x000000001adf0690, R14=0x00000000000ff790, R15=0x0000000054520000
RIP=0x00000000549baa00, EFLAGS=0x0000000000010246

Top of Stack: (sp=0x0000000016a0be68)
0x0000000016a0be68:   0000000054983bbf 0000000016a0c240
0x0000000016a0be78:   000000001acd3fb0 000000000000187c
0x0000000016a0be88:   0000000016a0c220 0000346f00000000
0x0000000016a0be98:   0000000000000008 000000001977fd40
0x0000000016a0bea8:   0000000000000035 0000000016f21800
0x0000000016a0beb8:   0000000000000035 000000001ac92fb0
0x0000000016a0bec8:   0000346f00000000 0000000000000008
0x0000000016a0bed8:   0000000016fe7a20 0000000000000035
0x0000000016a0bee8:   0000000017ad4df8 0000000000000035
0x0000000016a0bef8:   000000001ac1add0 00002ba300000000
0x0000000016a0bf08:   0000000000000005 00000000182e78e0
0x0000000016a0bf18:   000000000000002c 0000000018337380
0x0000000016a0bf28:   0000000000000035 0000000016a0c240
0x0000000016a0bf38:   0000000000000035 00000000197e6218
0x0000000016a0bf48:   0000000016a0c220 000000000000187c
0x0000000016a0bf58:   000000001ac92fb0 000000000000247f 

Instructions: (pc=0x00000000549baa00)
0x00000000549ba9e0:   bb 90 00 00 00 72 e9 48 8b 5c 24 40 48 83 c4 20
0x00000000549ba9f0:   5f c3 cc cc cc cc cc cc cc cc cc cc cc cc cc cc
0x00000000549baa00:   40 57 48 83 ec 20 48 63 51 08 48 8b f9 83 fa 08
0x00000000549baa10:   73 22 48 8b 41 10 48 8d 0c 90 66 0f 1f 44 00 00 


Register to memory mapping:

RAX=0x0000000000000000 is an unknown value
RBX=0x000000001acda310 is an unknown value
RCX=0x0000000016a0bf00 is pointing into the stack for thread: 0x0000000016246000
RDX=0x0000000010000000 is an unknown value
RSP=0x0000000016a0be68 is pointing into the stack for thread: 0x0000000016246000
RBP=0x000000000000187c is an unknown value
RSI=0x0000000016a0c220 is pointing into the stack for thread: 0x0000000016246000
RDI=0x0000000000002b9e is an unknown value
R8 =0x0000000010000000 is an unknown value
R9 =0x00000000196cba00 is an unknown value
R10=0x0000000054520000 is an unknown value
R11=0x000000001ad32290 is an unknown value
R12=0x0000000054d2ace8 is an unknown value
R13=0x000000001adf0690 is an unknown value
R14=0x00000000000ff790 is an unknown value
R15=0x0000000054520000 is an unknown value


Stack: [0x0000000016910000,0x0000000016a10000],  sp=0x0000000016a0be68,  free space=1007k
Native frames: (J=compiled Java code, j=interpreted, Vv=VM code, C=native code)
V  [jvm.dll+0x49aa00]
V  [jvm.dll+0x463bbf]
V  [jvm.dll+0x465688]
V  [jvm.dll+0x465876]
V  [jvm.dll+0x463404]
V  [jvm.dll+0x4624d4]
V  [jvm.dll+0x46d52b]
V  [jvm.dll+0x46fb42]
V  [jvm.dll+0x452cc2]
V  [jvm.dll+0xa4672]
V  [jvm.dll+0xa4faf]
V  [jvm.dll+0x243144]
V  [jvm.dll+0x299f7a]
C  [msvcr100.dll+0x21d9f]
C  [msvcr100.dll+0x21e3b]
C  [KERNEL32.DLL+0x13d2]
C  [ntdll.dll+0x15454]


Current CompileTask:
C2:   5238 1748 %     4       org.objectweb.asm.ClassReader::readCode @ 74 (3263 bytes)


---------------  P R O C E S S  ---------------

Java Threads: ( => current thread )
  0x00000000185dc000 JavaThread "Snooper Timer" daemon [_thread_blocked, id=10348, stack(0x000000001a200000,0x000000001a300000)]
  0x0000000017db3000 JavaThread "Snooper Timer" daemon [_thread_blocked, id=10520, stack(0x00000000190b0000,0x00000000191b0000)]
  0x00000000162ca000 JavaThread "Service Thread" daemon [_thread_blocked, id=4780, stack(0x0000000016c10000,0x0000000016d10000)]
  0x000000001624b800 JavaThread "C1 CompilerThread2" daemon [_thread_blocked, id=8060, stack(0x0000000016b10000,0x0000000016c10000)]
  0x000000001624a800 JavaThread "C2 CompilerThread1" daemon [_thread_in_vm, id=9060, stack(0x0000000016a10000,0x0000000016b10000)]
=>0x0000000016246000 JavaThread "C2 CompilerThread0" daemon [_thread_in_native, id=9380, stack(0x0000000016910000,0x0000000016a10000)]
  0x000000001623e800 JavaThread "Attach Listener" daemon [_thread_blocked, id=10920, stack(0x0000000016810000,0x0000000016910000)]
  0x000000001562e800 JavaThread "Signal Dispatcher" daemon [_thread_blocked, id=6540, stack(0x0000000016710000,0x0000000016810000)]
  0x000000001562d000 JavaThread "Surrogate Locker Thread (Concurrent GC)" daemon [_thread_blocked, id=6172, stack(0x0000000016610000,0x0000000016710000)]
  0x0000000015621800 JavaThread "Finalizer" daemon [_thread_blocked, id=11188, stack(0x0000000016030000,0x0000000016130000)]
  0x000000001561a000 JavaThread "Reference Handler" daemon [_thread_blocked, id=2892, stack(0x0000000015f30000,0x0000000016030000)]
  0x00000000023a5800 JavaThread "Client thread" [_thread_in_vm, id=10368, stack(0x00000000022a0000,0x00000000023a0000)]

Other Threads:
  0x0000000015612000 VMThread [stack: 0x0000000015e30000,0x0000000015f30000] [id=2904]
  0x0000000016301000 WatcherThread [stack: 0x0000000016d10000,0x0000000016e10000] [id=5480]

VM state:not at safepoint (normal execution)

VM Mutex/Monitor currently owned by a thread:  ([mutex/lock_event])
[0x00000000023a2c50] SystemDictionary_lock - owner thread: 0x00000000023a5800

Heap:
 par new generation   total 306688K, used 95524K [0x00000000c0000000, 0x00000000d4cc0000, 0x00000000d4cc0000)
  eden space 272640K,  26% used [0x00000000c0000000, 0x00000000c469b480, 0x00000000d0a40000)
  from space 34048K,  68% used [0x00000000d2b80000, 0x00000000d422dc40, 0x00000000d4cc0000)
  to   space 34048K,   0% used [0x00000000d0a40000, 0x00000000d0a40000, 0x00000000d2b80000)
 concurrent mark-sweep generation total 707840K, used 5338K [0x00000000d4cc0000, 0x0000000100000000, 0x0000000100000000)
 Metaspace       used 17842K, capacity 18076K, committed 18432K, reserved 1064960K
  class space    used 2175K, capacity 2246K, committed 2304K, reserved 1048576K

Card table byte_map: [0x0000000011c60000,0x0000000011e70000] byte_map_base: 0x0000000011660000

Marking Bits: (CMSBitMap*) 0x00000000023fdf38
 Bits: [0x0000000012410000, 0x0000000012edd000)

Mod Union Table: (CMSBitMap*) 0x00000000023fdff8
 Bits: [0x0000000000920000, 0x000000000094b340)

Polling page: 0x00000000008f0000

CodeCache: size=245760Kb used=8127Kb max_used=8140Kb free=237632Kb
 bounds [0x00000000024a0000, 0x0000000002ca0000, 0x00000000114a0000]
 total_blobs=2607 nmethods=2192 adapters=327
 compilation: enabled

Compilation events (10 events):
Event: 5.158 Thread 0x000000001624b800 2161       2       com.google.common.collect.ImmutableSet::construct (245 bytes)
Event: 5.158 Thread 0x000000001624a800 2122       4       com.google.common.collect.AbstractIndexedListIterator::next (31 bytes)
Event: 5.159 Thread 0x000000001624a800 nmethod 2122 0x0000000002c6e6d0 code [0x0000000002c6e820, 0x0000000002c6e918]
Event: 5.159 Thread 0x000000001624a800 2079       4       org.objectweb.asm.ClassReader::getAttributes (133 bytes)
Event: 5.160 Thread 0x000000001624b800 nmethod 2161 0x0000000002c6f750 code [0x0000000002c6f9e0, 0x0000000002c70898]
Event: 5.160 Thread 0x000000001624b800 2164       2       com.google.common.collect.ImmutableSet::<init> (5 bytes)
Event: 5.160 Thread 0x000000001624b800 nmethod 2164 0x0000000002c6e390 code [0x0000000002c6e4e0, 0x0000000002c6e630]
Event: 5.160 Thread 0x000000001624b800 2166       2       com.google.common.collect.ImmutableCollection::asList (23 bytes)
Event: 5.160 Thread 0x000000001624b800 nmethod 2166 0x0000000002c6dfd0 code [0x0000000002c6e140, 0x0000000002c6e308]
Event: 5.160 Thread 0x000000001624b800 2165       2       com.google.common.collect.RegularImmutableList::listIterator (17 bytes)

GC Heap History (4 events):
Event: 0.940 GC heap before
{Heap before GC invocations=0 (full 0):
 par new generation   total 306688K, used 49094K [0x00000000c0000000, 0x00000000d4cc0000, 0x00000000d4cc0000)
  eden space 272640K,  18% used [0x00000000c0000000, 0x00000000c2ff1930, 0x00000000d0a40000)
  from space 34048K,   0% used [0x00000000d0a40000, 0x00000000d0a40000, 0x00000000d2b80000)
  to   space 34048K,   0% used [0x00000000d2b80000, 0x00000000d2b80000, 0x00000000d4cc0000)
 concurrent mark-sweep generation total 707840K, used 0K [0x00000000d4cc0000, 0x0000000100000000, 0x0000000100000000)
 Metaspace       used 9830K, capacity 9930K, committed 9984K, reserved 1058816K
  class space    used 1209K, capacity 1235K, committed 1280K, reserved 1048576K
Event: 0.968 GC heap after
Heap after GC invocations=1 (full 1):
 par new generation   total 306688K, used 0K [0x00000000c0000000, 0x00000000d4cc0000, 0x00000000d4cc0000)
  eden space 272640K,   0% used [0x00000000c0000000, 0x00000000c0000000, 0x00000000d0a40000)
  from space 34048K,   0% used [0x00000000d0a40000, 0x00000000d0a40000, 0x00000000d2b80000)
  to   space 34048K,   0% used [0x00000000d2b80000, 0x00000000d2b80000, 0x00000000d4cc0000)
 concurrent mark-sweep generation total 707840K, used 5338K [0x00000000d4cc0000, 0x0000000100000000, 0x0000000100000000)
 Metaspace       used 9830K, capacity 9930K, committed 9984K, reserved 1058816K
  class space    used 1209K, capacity 1235K, committed 1280K, reserved 1048576K
}
Event: 4.684 GC heap before
{Heap before GC invocations=1 (full 2):
 par new generation   total 306688K, used 272640K [0x00000000c0000000, 0x00000000d4cc0000, 0x00000000d4cc0000)
  eden space 272640K, 100% used [0x00000000c0000000, 0x00000000d0a40000, 0x00000000d0a40000)
  from space 34048K,   0% used [0x00000000d0a40000, 0x00000000d0a40000, 0x00000000d2b80000)
  to   space 34048K,   0% used [0x00000000d2b80000, 0x00000000d2b80000, 0x00000000d4cc0000)
 concurrent mark-sweep generation total 707840K, used 5338K [0x00000000d4cc0000, 0x0000000100000000, 0x0000000100000000)
 Metaspace       used 15515K, capacity 15688K, committed 15744K, reserved 1062912K
  class space    used 1851K, capacity 1918K, committed 1920K, reserved 1048576K
Event: 4.709 GC heap after
Heap after GC invocations=2 (full 2):
 par new generation   total 306688K, used 23223K [0x00000000c0000000, 0x00000000d4cc0000, 0x00000000d4cc0000)
  eden space 272640K,   0% used [0x00000000c0000000, 0x00000000c0000000, 0x00000000d0a40000)
  from space 34048K,  68% used [0x00000000d2b80000, 0x00000000d422dc40, 0x00000000d4cc0000)
  to   space 34048K,   0% used [0x00000000d0a40000, 0x00000000d0a40000, 0x00000000d2b80000)
 concurrent mark-sweep generation total 707840K, used 5338K [0x00000000d4cc0000, 0x0000000100000000, 0x0000000100000000)
 Metaspace       used 15515K, capacity 15688K, committed 15744K, reserved 1062912K
  class space    used 1851K, capacity 1918K, committed 1920K, reserved 1048576K
}

Deoptimization events (10 events):
Event: 4.628 Thread 0x00000000023a5800 Uncommon trap: reason=unstable_if action=reinterpret pc=0x00000000028d6740 method=java.io.FilePermission.getMask(Ljava/lang/String;)I @ 11
Event: 4.724 Thread 0x00000000023a5800 Uncommon trap: reason=unstable_if action=reinterpret pc=0x000000000268e51c method=sun.misc.MetaIndex.mayContain(Ljava/lang/String;)Z @ 38
Event: 4.741 Thread 0x00000000023a5800 Uncommon trap: reason=unstable_if action=reinterpret pc=0x0000000002825fcc method=java.io.WinNTFileSystem.parentOrNull(Ljava/lang/String;)Ljava/lang/String; @ 76
Event: 4.753 Thread 0x00000000023a5800 Uncommon trap: reason=predicate action=maybe_recompile pc=0x0000000002a92e00 method=java.lang.String.regionMatches(ZILjava/lang/String;II)Z @ 63
Event: 4.792 Thread 0x00000000023a5800 Uncommon trap: reason=unstable_if action=reinterpret pc=0x00000000028f5464 method=java.util.ArrayList.toArray([Ljava/lang/Object;)[Ljava/lang/Object; @ 48
Event: 4.845 Thread 0x00000000023a5800 Uncommon trap: reason=unloaded action=reinterpret pc=0x0000000002b43590 method=org.objectweb.asm.ClassReader.readConst(I[C)Ljava/lang/Object; @ 97
Event: 5.071 Thread 0x00000000023a5800 Uncommon trap: reason=speculate_class_check action=maybe_recompile pc=0x0000000002906bb8 method=com.google.common.collect.AbstractIndexedListIterator.next()Ljava/lang/Object; @ 27
Event: 5.071 Thread 0x00000000023a5800 Uncommon trap: reason=speculate_class_check action=maybe_recompile pc=0x0000000002906bb8 method=com.google.common.collect.AbstractIndexedListIterator.next()Ljava/lang/Object; @ 27
Event: 5.071 Thread 0x00000000023a5800 Uncommon trap: reason=speculate_class_check action=maybe_recompile pc=0x0000000002906bb8 method=com.google.common.collect.AbstractIndexedListIterator.next()Ljava/lang/Object; @ 27
Event: 5.071 Thread 0x00000000023a5800 Uncommon trap: reason=speculate_class_check action=maybe_recompile pc=0x0000000002906bb8 method=com.google.common.collect.AbstractIndexedListIterator.next()Ljava/lang/Object; @ 27

Internal exceptions (10 events):
Event: 2.997 Thread 0x00000000023a5800 Implicit null exception at 0x0000000002880a9c to 0x0000000002881d36
Event: 2.997 Thread 0x00000000023a5800 Exception <a 'java/lang/NullPointerException'> (0x00000000c5401450) thrown at [C:\workspace\8-2-build-windows-amd64-cygwin\jdk8u65\4987\hotspot\src\share\vm\runtime\sharedRuntime.cpp, line 605]
Event: 2.999 Thread 0x00000000023a5800 Implicit null exception at 0x0000000002880a9c to 0x0000000002881d36
Event: 2.999 Thread 0x00000000023a5800 Exception <a 'java/lang/NullPointerException'> (0x00000000c540b638) thrown at [C:\workspace\8-2-build-windows-amd64-cygwin\jdk8u65\4987\hotspot\src\share\vm\runtime\sharedRuntime.cpp, line 605]
Event: 3.684 Thread 0x00000000023a5800 Exception <a 'java/lang/ArrayIndexOutOfBoundsException': 65> (0x00000000c9582c80) thrown at [C:\workspace\8-2-build-windows-amd64-cygwin\jdk8u65\4987\hotspot\src\share\vm\interpreter\interpreterRuntime.cpp, line 366]
Event: 3.690 Thread 0x00000000023a5800 Exception <a 'java/lang/ArrayIndexOutOfBoundsException'> (0x00000000c95b5a38) thrown at [C:\workspace\8-2-build-windows-amd64-cygwin\jdk8u65\4987\hotspot\src\share\vm\runtime\sharedRuntime.cpp, line 605]
Event: 4.716 Thread 0x00000000023a5800 Exception <a 'java/io/FileNotFoundException'> (0x00000000c05a4600) thrown at [C:\workspace\8-2-build-windows-amd64-cygwin\jdk8u65\4987\hotspot\src\share\vm\prims\jni.cpp, line 709]
Event: 4.742 Thread 0x00000000023a5800 Exception <a 'java/io/FileNotFoundException'> (0x00000000c0691048) thrown at [C:\workspace\8-2-build-windows-amd64-cygwin\jdk8u65\4987\hotspot\src\share\vm\prims\jni.cpp, line 709]
Event: 4.792 Thread 0x00000000023a5800 Exception <a 'java/lang/NoSuchFieldError': method resolution failed> (0x00000000c0814598) thrown at [C:\workspace\8-2-build-windows-amd64-cygwin\jdk8u65\4987\hotspot\src\share\vm\prims\methodHandles.cpp, line 1146]
Event: 4.794 Thread 0x00000000023a5800 Exception <a 'java/lang/NoSuchFieldError': method resolution failed> (0x00000000c0821c58) thrown at [C:\workspace\8-2-build-windows-amd64-cygwin\jdk8u65\4987\hotspot\src\share\vm\prims\methodHandles.cpp, line 1146]

Events (10 events):
Event: 5.146 loading class net/minecraft/util/EnumFacing$Axis
Event: 5.146 loading class net/minecraft/util/EnumFacing$Axis done
Event: 5.148 loading class net/minecraft/util/EnumFacing
Event: 5.148 loading class net/minecraft/util/EnumFacing done
Event: 5.153 loading class net/minecraft/util/EnumFacing$Plane
Event: 5.153 loading class net/minecraft/util/EnumFacing$Plane done
Event: 5.155 loading class net/minecraft/block/BlockLog$EnumAxis
Event: 5.155 loading class net/minecraft/block/BlockLog$EnumAxis done
Event: 5.156 loading class net/minecraft/block/BlockOldLog$1
Event: 5.156 loading class net/minecraft/block/BlockOldLog$1 done


Dynamic libraries:
0x00007ff7ce370000 - 0x00007ff7ce3a7000 	C:\Program Files\Java\jre1.8.0_65\bin\javaw.exe
0x00007ffd8ac20000 - 0x00007ffd8adcc000 	C:\windows\SYSTEM32\ntdll.dll
0x00007ffd882a0000 - 0x00007ffd883de000 	C:\windows\system32\KERNEL32.DLL
0x00007ffd88180000 - 0x00007ffd88295000 	C:\windows\system32\KERNELBASE.dll
0x00007ffd86560000 - 0x00007ffd865ee000 	C:\windows\system32\apphelp.dll
0x00007ffd7bc40000 - 0x00007ffd7bc93000 	C:\windows\AppPatch\AppPatch64\AcGenral.DLL
0x00007ffd88790000 - 0x00007ffd8883a000 	C:\windows\system32\msvcrt.dll
0x00007ffd87b40000 - 0x00007ffd87b6e000 	C:\windows\SYSTEM32\SspiCli.dll
0x00007ffd8a460000 - 0x00007ffd8a4b4000 	C:\windows\system32\SHLWAPI.dll
0x00007ffd88450000 - 0x00007ffd885c7000 	C:\windows\system32\USER32.dll
0x00007ffd8a890000 - 0x00007ffd8aa24000 	C:\windows\system32\ole32.dll
0x00007ffd88d60000 - 0x00007ffd8a28b000 	C:\windows\system32\SHELL32.dll
0x00007ffd872b0000 - 0x00007ffd872d1000 	C:\windows\SYSTEM32\USERENV.dll
0x00007ffd88cb0000 - 0x00007ffd88d5a000 	C:\windows\system32\ADVAPI32.dll
0x00007ffd77a70000 - 0x00007ffd77a8e000 	C:\windows\SYSTEM32\MPR.dll
0x00007ffd8aa30000 - 0x00007ffd8ab71000 	C:\windows\system32\RPCRT4.dll
0x00007ffd8abc0000 - 0x00007ffd8ac19000 	C:\windows\SYSTEM32\sechost.dll
0x00007ffd889a0000 - 0x00007ffd88bb1000 	C:\windows\SYSTEM32\combase.dll
0x00007ffd885e0000 - 0x00007ffd8872f000 	C:\windows\system32\GDI32.dll
0x00007ffd87d70000 - 0x00007ffd87d85000 	C:\windows\SYSTEM32\profapi.dll
0x00007ffd84e40000 - 0x00007ffd84ef2000 	C:\windows\SYSTEM32\SHCORE.dll
0x00007ffd8ab80000 - 0x00007ffd8abb6000 	C:\windows\system32\IMM32.DLL
0x00007ffd88840000 - 0x00007ffd88992000 	C:\windows\system32\MSCTF.dll
0x00007ffd83e20000 - 0x00007ffd8409b000 	C:\windows\WinSxS\amd64_microsoft.windows.common-controls_6595b64144ccf1df_6.0.9600.18006_none_623f33d3ecbe86e8\COMCTL32.dll
0x0000000054290000 - 0x0000000054362000 	C:\Program Files\Java\jre1.8.0_65\bin\msvcr100.dll
0x0000000054520000 - 0x0000000054da9000 	C:\Program Files\Java\jre1.8.0_65\bin\server\jvm.dll
0x00007ffd7e9b0000 - 0x00007ffd7e9b9000 	C:\windows\SYSTEM32\WSOCK32.dll
0x00007ffd80000000 - 0x00007ffd80022000 	C:\windows\SYSTEM32\WINMM.dll
0x00007ffd7e8c0000 - 0x00007ffd7e8ca000 	C:\windows\SYSTEM32\VERSION.dll
0x00007ffd88bc0000 - 0x00007ffd88bc7000 	C:\windows\system32\PSAPI.DLL
0x00007ffd88730000 - 0x00007ffd8878a000 	C:\windows\system32\WS2_32.dll
0x00007ffd7ffd0000 - 0x00007ffd7fffa000 	C:\windows\SYSTEM32\WINMMBASE.dll
0x00007ffd885d0000 - 0x00007ffd885d9000 	C:\windows\system32\NSI.dll
0x00007ffd88080000 - 0x00007ffd880cf000 	C:\windows\SYSTEM32\cfgmgr32.dll
0x00007ffd86b60000 - 0x00007ffd86b88000 	C:\windows\SYSTEM32\DEVOBJ.dll
0x0000000054430000 - 0x000000005443f000 	C:\Program Files\Java\jre1.8.0_65\bin\verify.dll
0x0000000054400000 - 0x0000000054429000 	C:\Program Files\Java\jre1.8.0_65\bin\java.dll
0x00000000543e0000 - 0x00000000543f6000 	C:\Program Files\Java\jre1.8.0_65\bin\zip.dll
0x0000000054280000 - 0x000000005428d000 	C:\Program Files\Java\jre1.8.0_65\bin\management.dll
0x00000000543c0000 - 0x00000000543da000 	C:\Program Files\Java\jre1.8.0_65\bin\net.dll
0x00007ffd87580000 - 0x00007ffd875d9000 	C:\windows\system32\mswsock.dll
0x00000000543a0000 - 0x00000000543b1000 	C:\Program Files\Java\jre1.8.0_65\bin\nio.dll
0x00007ffd77e90000 - 0x00007ffd77ea5000 	C:\windows\system32\napinsp.dll
0x00007ffd78020000 - 0x00007ffd7803a000 	C:\windows\system32\pnrpnsp.dll
0x00007ffd86740000 - 0x00007ffd8675b000 	C:\windows\system32\NLAapi.dll
0x00007ffd87320000 - 0x00007ffd873c4000 	C:\windows\SYSTEM32\DNSAPI.dll
0x00007ffd78040000 - 0x00007ffd7804d000 	C:\windows\System32\winrnr.dll
0x00007ffd78130000 - 0x00007ffd78144000 	C:\windows\system32\wshbth.dll
0x00007ffd7db70000 - 0x00007ffd7db7a000 	C:\Windows\System32\rasadhlp.dll
0x00007ffd82400000 - 0x00007ffd8242a000 	C:\windows\SYSTEM32\IPHLPAPI.DLL
0x00007ffd823d0000 - 0x00007ffd823da000 	C:\windows\SYSTEM32\WINNSI.DLL
0x00007ffd81ac0000 - 0x00007ffd81b2b000 	C:\windows\System32\fwpuclnt.dll
0x0000000180000000 - 0x0000000180051000 	C:\Users\M.P\.gradle\caches\minecraft\net\minecraft\minecraft_natives\1.8\lwjgl64.dll
0x00007ffd77eb0000 - 0x00007ffd77fdb000 	C:\windows\SYSTEM32\OPENGL32.dll
0x00007ffd78050000 - 0x00007ffd7807e000 	C:\windows\SYSTEM32\GLU32.dll
0x00007ffd768a0000 - 0x00007ffd76998000 	C:\windows\SYSTEM32\DDRAW.dll
0x00007ffd78230000 - 0x00007ffd78239000 	C:\windows\SYSTEM32\DCIMAN32.dll
0x00007ffd875e0000 - 0x00007ffd87600000 	C:\windows\SYSTEM32\CRYPTSP.dll
0x00007ffd871a0000 - 0x00007ffd871d6000 	C:\windows\system32\rsaenh.dll
0x00007ffd87a70000 - 0x00007ffd87a96000 	C:\windows\SYSTEM32\bcrypt.dll
0x00007ffd87b70000 - 0x00007ffd87bd3000 	C:\windows\system32\bcryptprimitives.dll
0x00007ffd87c40000 - 0x00007ffd87c4b000 	C:\windows\SYSTEM32\CRYPTBASE.dll
0x00007ffd81a90000 - 0x00007ffd81aa6000 	C:\windows\SYSTEM32\dhcpcsvc6.DLL
0x00007ffd820a0000 - 0x00007ffd820ba000 	C:\windows\SYSTEM32\dhcpcsvc.DLL
0x00000000540e0000 - 0x0000000054278000 	C:\Program Files\Java\jre1.8.0_65\bin\awt.dll
0x00007ffd88be0000 - 0x00007ffd88ca1000 	C:\windows\system32\OLEAUT32.dll
0x00007ffd86080000 - 0x00007ffd86209000 	C:\windows\SYSTEM32\dbghelp.dll

VM Arguments:
jvm_args: -Xincgc -Xmx1024M -Xms1024M -Dfile.encoding=Cp1252 
java_command: GradleStart
java_class_path (initial): C:\Users\M.P\Documents\De Mike Map\School\UU\IntroductieProject\forge-1.8-11.14.3.1450-src\bin;C:\Users\M.P\.gradle\caches\minecraft\net\minecraftforge\forge\1.8-11.14.3.1450\snapshot\20141130\forgeSrc-1.8-11.14.3.1450.jar;C:\Users\M.P\.gradle\caches\modules-2\files-2.1\net.minecraft\launchwrapper\1.11\9c0592c6e1e9ea296a70948081bd4cc84dda1289\launchwrapper-1.11.jar;C:\Users\M.P\.gradle\caches\modules-2\files-2.1\org.ow2.asm\asm-debug-all\5.0.3\f9e364ae2a66ce2a543012a4668856e84e5dab74\asm-debug-all-5.0.3.jar;C:\Users\M.P\.gradle\caches\modules-2\files-2.1\com.typesafe.akka\akka-actor_2.11\2.3.3\ed62e9fc709ca0f2ff1a3220daa8b70a2870078e\akka-actor_2.11-2.3.3.jar;C:\Users\M.P\.gradle\caches\modules-2\files-2.1\com.typesafe\config\1.2.1\f771f71fdae3df231bcd54d5ca2d57f0bf93f467\config-1.2.1.jar;C:\Users\M.P\.gradle\caches\modules-2\files-2.1\org.scala-lang\scala-actors-migration_2.11\1.1.0\dfa8bc42b181d5b9f1a5dd147f8ae308b893eb6f\scala-actors-migration_2.11-1.1.0.jar;C:\Users\M.P\.gradle\caches\modules-2\files-2.1\org.scala-lang\scala-compiler\2.11.1\56ea2e6c025e0821f28d73ca271218b8dd04926a\scala-compiler-2.11.1.jar;C:\Users\M.P\.gradle\caches\modules-2\files-2.1\org.scala-lang.plugins\scala-continuations-library_2.11\1.0.2\e517c53a7e9acd6b1668c5a35eccbaa3bab9aac\scala-continuations-library_2.11-1.0.2.jar;C:\Users\M.P\.gradle\caches\modules-2\files-2.1\org.scala-lang.plugins\scala-continuations-plugin_2.11.1\1.0.2\f361a3283452c57fa30c1ee69448995de23c60f7\scala-continuations-plugin_2.11.1-1.0.2.jar;C:\Users\M.P\.gradle\caches\modules-2\files-2.1\org.scala-lang\scala-library\2.11.1\e11da23da3eabab9f4777b9220e60d44c1aab6a\scala-library-2.11.1.jar;C:\Users\M.P\.gradle\caches\modules-2\files-2.1\org.scala-lang.modules\scala-parser-combinators_2.11\1.0.1\f05d7345bf5a58924f2837c6c1f4d73a938e1ff0\scala-parser-combinators_2.11-1.0.1.jar;C:\Users\M.P\.gradle\caches\modules-2\files-2.1\org.scala-lang\scala-reflect\2.11.1\6580347e61cc7f8e802941e7fde40fa83
Launcher Type: SUN_STANDARD

Environment Variables:
PATH=C:/Program Files/Java/jre1.8.0_65/bin/server;C:/Program Files/Java/jre1.8.0_65/bin;C:/Program Files/Java/jre1.8.0_65/lib/amd64;C:\ProgramData\Oracle\Java\javapath;C:\Program Files (x86)\Lenovo\FusionEngine;C:\Program Files (x86)\Intel\iCLS Client\;C:\Program Files\Intel\iCLS Client\;C:\windows\system32;C:\windows;C:\windows\System32\Wbem;C:\windows\System32\WindowsPowerShell\v1.0\;C:\Program Files\Intel\Intel(R) Management Engine Components\DAL;C:\Program Files (x86)\Intel\Intel(R) Management Engine Components\DAL;C:\Program Files\Intel\Intel(R) Management Engine Components\IPT;C:\Program Files (x86)\Intel\Intel(R) Management Engine Components\IPT;C:\Program Files\Intel\WiFi\bin\;C:\Program Files\Common Files\Intel\WirelessCommon\;C:\Users\M.P\.dnx\bin;C:\Program Files\Microsoft DNX\Dnvm\;C:\Program Files (x86)\Skype\Phone\;C:\Program Files\Java\jdk1.8.0_65\bin;C:\Program Files\Java\jre1.8.0_65\bin;C:\Program Files (x86)\MiKTeX 2.9\miktex\bin\;C:\Users\M.P\Desktop;
USERNAME=M.P
OS=Windows_NT
PROCESSOR_IDENTIFIER=Intel64 Family 6 Model 61 Stepping 4, GenuineIntel



---------------  S Y S T E M  ---------------

OS: Windows 8.1 , 64 bit Build 9600 (6.3.9600.17415)

CPU:total 4 (2 cores per cpu, 2 threads per core) family 6 model 61 stepping 4, cmov, cx8, fxsr, mmx, sse, sse2, sse3, ssse3, sse4.1, sse4.2, popcnt, avx, avx2, aes, clmul, erms, 3dnowpref, lzcnt, ht, tsc, tscinvbit, bmi1, bmi2, adx

Memory: 4k page, physical 4107344k(1300540k free), swap 7343624k(1264236k free)

vm_info: Java HotSpot(TM) 64-Bit Server VM (25.65-b01) for windows-amd64 JRE (1.8.0_65-b17), built on Oct  6 2015 16:39:20 by "java_re" with MS VC++ 10.0 (VS2010)

time: Fri Dec 04 12:22:49 2015
elapsed time: 5 seconds (0d 0h 0m 5s)

